<?xml version="1.0" encoding="UTF-8"?>
<testsuite name="JsonplaceholderRestAPITest" tests="5" skipped="0" failures="0" errors="0" timestamp="2025-03-31T19:55:59" hostname="Xuemengs-MacBook-Pro.local" time="2.313">
  <properties/>
  <testcase name="testCommentsLength()" classname="JsonplaceholderRestAPITest" time="1.499"/>
  <testcase name="testPost()" classname="JsonplaceholderRestAPITest" time="0.434"/>
  <testcase name="testUser()" classname="JsonplaceholderRestAPITest" time="0.134"/>
  <testcase name="testCommentsEmail()" classname="JsonplaceholderRestAPITest" time="0.165"/>
  <testcase name="testGetEndpointTitle()" classname="JsonplaceholderRestAPITest" time="0.08"/>
  <system-out><![CDATA[Ervin Howell
]]></system-out>
  <system-err><![CDATA[]]></system-err>
</testsuite>
